2026-04-17 10:27:55 | ERROR    | src.api.main:startup_event:108 - Failed to load model: huawei-noah/TinyBERT_4L_312D is not a local folder and is not a valid model identifier listed on 'https://huggingface.co/models'
If this is a private repository, make sure to pass a token having permission to this repo either by logging in with `hf auth login` or by passing `token=<your_token>`
2026-04-19 19:25:36 | ERROR    | src.features.external_intelligence:check_url:83 - VirusTotal API error: 404
2026-04-19 19:25:36 | ERROR    | src.features.external_intelligence:check_domain:272 - WHOIS lookup failed for deped.gov.ph: Whois command returned no output
2026-04-19 19:25:37 | ERROR    | src.features.external_intelligence:check_url:83 - VirusTotal API error: 404
2026-04-19 19:25:39 | ERROR    | src.features.external_intelligence:check_domain:272 - WHOIS lookup failed for bit.ly: can't subtract offset-naive and offset-aware datetimes
2026-04-19 19:25:39 | ERROR    | src.features.external_intelligence:check_url:187 - Google SB API error: 400
2026-04-19 19:30:14 | ERROR    | src.api.main:check_email:270 - Error checking email: 'NoneType' object has no attribute 'enqueue'
2026-04-19 19:30:14 | ERROR    | src.api.main:check_email:270 - Error checking email: 'NoneType' object has no attribute 'enqueue'
2026-04-19 19:30:14 | ERROR    | src.api.main:check_email:270 - Error checking email: 'NoneType' object has no attribute 'enqueue'
2026-04-19 19:30:56 | ERROR    | src.features.external_intelligence:check_url:83 - VirusTotal API error: 404
2026-04-19 19:30:57 | ERROR    | src.features.external_intelligence:check_domain:272 - WHOIS lookup failed for bit.ly: can't subtract offset-naive and offset-aware datetimes
2026-04-19 19:30:57 | ERROR    | src.features.external_intelligence:check_url:187 - Google SB API error: 400
2026-04-19 19:31:13 | ERROR    | src.features.external_intelligence:check_url:83 - VirusTotal API error: 404
2026-04-19 19:31:14 | ERROR    | src.features.external_intelligence:check_domain:272 - WHOIS lookup failed for bit.ly: can't subtract offset-naive and offset-aware datetimes
2026-04-19 19:31:15 | ERROR    | src.features.external_intelligence:check_url:187 - Google SB API error: 400
2026-04-19 19:31:31 | ERROR    | src.features.external_intelligence:check_url:83 - VirusTotal API error: 404
2026-04-19 19:31:32 | ERROR    | src.features.external_intelligence:check_domain:272 - WHOIS lookup failed for deped.gov.ph: Whois command returned no output
2026-04-19 19:31:33 | ERROR    | src.features.external_intelligence:check_url:83 - VirusTotal API error: 404
2026-04-19 19:31:34 | ERROR    | src.features.external_intelligence:check_domain:272 - WHOIS lookup failed for bit.ly: can't subtract offset-naive and offset-aware datetimes
2026-04-19 19:31:34 | ERROR    | src.features.external_intelligence:check_url:187 - Google SB API error: 400
2026-04-19 19:51:39 | ERROR    | src.features.external_intelligence:check_url:83 - VirusTotal API error: 404
2026-04-19 19:51:40 | ERROR    | src.features.external_intelligence:check_domain:272 - WHOIS lookup failed for bit.ly: can't subtract offset-naive and offset-aware datetimes
2026-04-19 19:51:40 | ERROR    | src.features.external_intelligence:check_url:187 - Google SB API error: 400
2026-04-19 19:51:57 | ERROR    | src.features.external_intelligence:check_url:83 - VirusTotal API error: 404
2026-04-19 19:51:57 | ERROR    | src.features.external_intelligence:check_domain:272 - WHOIS lookup failed for deped.gov.ph: Whois command returned no output
2026-04-19 19:51:58 | ERROR    | src.features.external_intelligence:check_url:83 - VirusTotal API error: 404
2026-04-19 19:51:59 | ERROR    | src.features.external_intelligence:check_domain:272 - WHOIS lookup failed for bit.ly: can't subtract offset-naive and offset-aware datetimes
2026-04-19 19:51:59 | ERROR    | src.features.external_intelligence:check_url:187 - Google SB API error: 400
